app/build/outputs/logs/manifest-merger-debug-report.txt
-- Merging decision tree log ---
manifest
ADDED from AndroidManifest.xml:1:1
	package
		ADDED from AndroidManifest.xml:2:5
		INJECTED from AndroidManifest.xml:0:0
		INJECTED from AndroidManifest.xml:0:0
	android:versionName
		ADDED from AndroidManifest.xml:4:5
	android:versionCode
		ADDED from AndroidManifest.xml:3:5
		INJECTED from AndroidManifest.xml:0:0
		INJECTED from AndroidManifest.xml:0:0
	xmlns:android
		ADDED from AndroidManifest.xml:1:11
uses-sdk
ADDED from AndroidManifest.xml:6:5
	android:targetSdkVersion
		ADDED from AndroidManifest.xml:8:9
		INJECTED from AndroidManifest.xml:0:0
		INJECTED from AndroidManifest.xml:0:0
	android:minSdkVersion
		ADDED from AndroidManifest.xml:7:9
		INJECTED from AndroidManifest.xml:0:0
		INJECTED from AndroidManifest.xml:0:0
uses-permission#android.permission.MOUNT_UNMOUNT_FILESYSTEMS
ADDED from AndroidManifest.xml:10:5
	android:name
		ADDED from AndroidManifest.xml:10:22
uses-permission#android.permission.ACCESS_NETWORK_STATE
ADDED from AndroidManifest.xml:11:5
	android:name
		ADDED from AndroidManifest.xml:11:22
uses-permission#android.permission.ACCESS_WIFI_STATE
ADDED from AndroidManifest.xml:12:5
	android:name
		ADDED from AndroidManifest.xml:12:22
uses-permission#android.permission.INTERNET
ADDED from AndroidManifest.xml:13:5
	android:name
		ADDED from AndroidManifest.xml:13:22
uses-permission#android.permission.WRITE_EXTERNAL_STORAGE
ADDED from AndroidManifest.xml:14:5
	android:name
		ADDED from AndroidManifest.xml:14:22
uses-permission#android.permission.ACCESS_LOCATION_EXTRA_COMMANDS
ADDED from AndroidManifest.xml:16:5
	android:name
		ADDED from AndroidManifest.xml:16:22
uses-permission#android.permission.READ_EXTERNAL_STORAGE
ADDED from AndroidManifest.xml:17:5
	android:name
		ADDED from AndroidManifest.xml:17:22
uses-permission#android.permission.CHANGE_WIFI_STATE
ADDED from AndroidManifest.xml:18:5
	android:name
		ADDED from AndroidManifest.xml:18:22
uses-permission#android.permission.WAKE_LOCK
ADDED from AndroidManifest.xml:20:5
	android:name
		ADDED from AndroidManifest.xml:20:22
application
ADDED from AndroidManifest.xml:23:5
activity#com.ui.LauncherActivity
ADDED from AndroidManifest.xml:24:9
	android:screenOrientation
		ADDED from AndroidManifest.xml:27:13
	android:label
		ADDED from AndroidManifest.xml:26:13
	android:theme
		ADDED from AndroidManifest.xml:28:13
	android:name
		ADDED from AndroidManifest.xml:25:13
intent-filter#android.intent.action.MAIN+android.intent.category.LAUNCHER
ADDED from AndroidManifest.xml:29:13
action#android.intent.action.MAIN
ADDED from AndroidManifest.xml:30:17
	android:name
		ADDED from AndroidManifest.xml:30:25
category#android.intent.category.LAUNCHER
ADDED from AndroidManifest.xml:32:17
	android:name
		ADDED from AndroidManifest.xml:32:27
activity#com.ui.MainActivity
ADDED from AndroidManifest.xml:35:9
	android:screenOrientation
		ADDED from AndroidManifest.xml:38:13
	android:label
		ADDED from AndroidManifest.xml:37:13
	android:theme
		ADDED from AndroidManifest.xml:39:13
	android:name
		ADDED from AndroidManifest.xml:36:13
activity#com.ui.SendingActivity
ADDED from AndroidManifest.xml:41:9
	android:screenOrientation
		ADDED from AndroidManifest.xml:44:13
	android:label
		ADDED from AndroidManifest.xml:43:13
	android:theme
		ADDED from AndroidManifest.xml:45:13
	android:name
		ADDED from AndroidManifest.xml:42:13
activity#com.ui.IsRecvDialogActivity
ADDED from AndroidManifest.xml:47:9
	android:screenOrientation
		ADDED from AndroidManifest.xml:50:13
	android:label
		ADDED from AndroidManifest.xml:49:13
	android:theme
		ADDED from AndroidManifest.xml:51:13
	android:name
		ADDED from AndroidManifest.xml:48:13
service#com.aidl.NETService
ADDED from AndroidManifest.xml:54:9
	android:process
		ADDED from AndroidManifest.xml:56:13
	android:name
		ADDED from AndroidManifest.xml:55:13
intent-filter#com.aidl.NETService
ADDED from AndroidManifest.xml:57:13
action#com.aidl.NETService
ADDED from AndroidManifest.xml:58:17
	android:name
		ADDED from AndroidManifest.xml:58:25
service#com.net.ListenConnService
ADDED from AndroidManifest.xml:61:9
	android:exported
		ADDED from AndroidManifest.xml:63:13
	android:name
		ADDED from AndroidManifest.xml:62:13
receiver#com.ui.NetBroadcastReceiver
ADDED from AndroidManifest.xml:66:9
	android:name
		ADDED from AndroidManifest.xml:66:19
intent-filter#com.ui.NetBroadcastReceiver
ADDED from AndroidManifest.xml:67:13
action#com.ui.NetBroadcastReceiver
ADDED from AndroidManifest.xml:68:17
	android:name
		ADDED from AndroidManifest.xml:68:25